[2026-04-10 18:06:02] [suspend] Suspended 0 overdue customers (grace: 0 days)
[2026-04-10 19:59:29] [invoices] Generated 0, skipped 672
[Sat 04/11/2026  0:00:01.19] Starting automation cron 
MIB search path: c:/usr/share/snmp/mibs
Cannot find module (IP-MIB): At line 0 in (none)
Cannot find module (IF-MIB): At line 0 in (none)
Cannot find module (TCP-MIB): At line 0 in (none)
Cannot find module (UDP-MIB): At line 0 in (none)
Cannot find module (HOST-RESOURCES-MIB): At line 0 in (none)
Cannot find module (SNMPv2-MIB): At line 0 in (none)
Cannot find module (SNMPv2-SMI): At line 0 in (none)
Cannot find module (NOTIFICATION-LOG-MIB): At line 0 in (none)
Cannot find module (UCD-SNMP-MIB): At line 0 in (none)
Cannot find module (UCD-DEMO-MIB): At line 0 in (none)
Cannot find module (SNMP-TARGET-MIB): At line 0 in (none)
Cannot find module (NET-SNMP-AGENT-MIB): At line 0 in (none)
Cannot find module (DISMAN-EVENT-MIB): At line 0 in (none)
Cannot find module (SNMP-VIEW-BASED-ACM-MIB): At line 0 in (none)
Cannot find module (SNMP-COMMUNITY-MIB): At line 0 in (none)
Cannot find module (SNMP-FRAMEWORK-MIB): At line 0 in (none)
Cannot find module (SNMP-MPD-MIB): At line 0 in (none)
Cannot find module (SNMP-USER-BASED-SM-MIB): At line 0 in (none)
Cannot find module (SNMP-NOTIFICATION-MIB): At line 0 in (none)
Cannot find module (SNMPv2-TM): At line 0 in (none)
[2026-04-11 00:00:01] [invoices] Generated 0, skipped 672
[2026-04-11 00:00:01] [reconnect] Reconnected 43 customers
[2026-04-11 00:00:01] [suspend] Suspended 0 overdue customers (grace: 0 days)
[2026-04-11 00:00:01] [due-reminders] Sent 0 due reminders (due within 3 days)
[2026-04-11 00:00:01] [expiry-reminders] Sent 0 expiry reminders (expiring within 5 days)
[Sat 04/11/2026  0:00:12.45] Completed successfully 
[2026-04-11 00:00:01] [expiry-reminders] Sent 0 expiry reminders (expiring within 5 days)
[2026-04-11 00:06:01] [suspend] Suspended 0 overdue customers (grace: 0 days)
[2026-04-11 06:06:02] [suspend] Suspended 0 overdue customers (grace: 0 days)
[2026-04-11 08:00:01] [due-reminders] Sent 0 due reminders (due within 3 days)
[2026-04-11 12:06:01] [suspend] Suspended 0 overdue customers (grace: 0 days)
[2026-04-11 18:06:01] [suspend] Suspended 0 overdue customers (grace: 0 days)
[2026-04-12 06:06:01] [suspend] Suspended 0 overdue customers (grace: 0 days)
[2026-04-12 08:00:01] [due-reminders] Sent 0 due reminders (due within 3 days)
[2026-04-12 12:06:01] [suspend] Suspended 0 overdue customers (grace: 0 days)
[2026-04-12 18:06:01] [suspend] Suspended 0 overdue customers (grace: 0 days)
[Mon 04/13/2026  0:00:02.20] Starting automation cron 
MIB search path: c:/usr/share/snmp/mibs
Cannot find module (IP-MIB): At line 0 in (none)
Cannot find module (IF-MIB): At line 0 in (none)
Cannot find module (TCP-MIB): At line 0 in (none)
Cannot find module (UDP-MIB): At line 0 in (none)
Cannot find module (HOST-RESOURCES-MIB): At line 0 in (none)
Cannot find module (SNMPv2-MIB): At line 0 in (none)
Cannot find module (SNMPv2-SMI): At line 0 in (none)
Cannot find module (NOTIFICATION-LOG-MIB): At line 0 in (none)
Cannot find module (UCD-SNMP-MIB): At line 0 in (none)
Cannot find module (UCD-DEMO-MIB): At line 0 in (none)
Cannot find module (SNMP-TARGET-MIB): At line 0 in (none)
Cannot find module (NET-SNMP-AGENT-MIB): At line 0 in (none)
Cannot find module (DISMAN-EVENT-MIB): At line 0 in (none)
Cannot find module (SNMP-VIEW-BASED-ACM-MIB): At line 0 in (none)
Cannot find module (SNMP-COMMUNITY-MIB): At line 0 in (none)
Cannot find module (SNMP-FRAMEWORK-MIB): At line 0 in (none)
Cannot find module (SNMP-MPD-MIB): At line 0 in (none)
Cannot find module (SNMP-USER-BASED-SM-MIB): At line 0 in (none)
Cannot find module (SNMP-NOTIFICATION-MIB): At line 0 in (none)
Cannot find module (SNMPv2-TM): At line 0 in (none)
[2026-04-13 00:00:02] [invoices] Generated 41, skipped 674
[2026-04-13 00:00:02] [reconnect] Reconnected 0 customers
[2026-04-13 00:00:02] [suspend] Suspended 0 overdue customers (grace: 0 days)
[2026-04-13 00:00:02] [due-reminders] Sent 0 due reminders (due within 3 days)
[2026-04-13 00:00:02] [expiry-reminders] Sent 0 expiry reminders (expiring within 5 days)
[Mon 04/13/2026  0:00:05.45] Completed successfully 
[2026-04-13 00:06:01] [suspend] Suspended 0 overdue customers (grace: 0 days)
[2026-04-13 06:06:01] [suspend] Suspended 0 overdue customers (grace: 0 days)
[2026-04-13 08:00:01] [due-reminders] Sent 0 due reminders (due within 3 days)
[2026-04-13 12:06:01] [suspend] Suspended 0 overdue customers (grace: 0 days)
[2026-04-13 18:06:03] [suspend] Suspended 0 overdue customers (grace: 0 days)
[Tue 04/14/2026  0:00:01.19] Starting automation cron 
MIB search path: c:/usr/share/snmp/mibs
Cannot find module (IP-MIB): At line 0 in (none)
Cannot find module (IF-MIB): At line 0 in (none)
Cannot find module (TCP-MIB): At line 0 in (none)
Cannot find module (UDP-MIB): At line 0 in (none)
Cannot find module (HOST-RESOURCES-MIB): At line 0 in (none)
Cannot find module (SNMPv2-MIB): At line 0 in (none)
Cannot find module (SNMPv2-SMI): At line 0 in (none)
Cannot find module (NOTIFICATION-LOG-MIB): At line 0 in (none)
Cannot find module (UCD-SNMP-MIB): At line 0 in (none)
Cannot find module (UCD-DEMO-MIB): At line 0 in (none)
Cannot find module (SNMP-TARGET-MIB): At line 0 in (none)
Cannot find module (NET-SNMP-AGENT-MIB): At line 0 in (none)
Cannot find module (DISMAN-EVENT-MIB): At line 0 in (none)
Cannot find module (SNMP-VIEW-BASED-ACM-MIB): At line 0 in (none)
Cannot find module (SNMP-COMMUNITY-MIB): At line 0 in (none)
Cannot find module (SNMP-FRAMEWORK-MIB): At line 0 in (none)
Cannot find module (SNMP-MPD-MIB): At line 0 in (none)
Cannot find module (SNMP-USER-BASED-SM-MIB): At line 0 in (none)
Cannot find module (SNMP-NOTIFICATION-MIB): At line 0 in (none)
Cannot find module (SNMPv2-TM): At line 0 in (none)
[2026-04-14 00:00:01] [invoices] Generated 0, skipped 715
[2026-04-14 00:00:01] [reconnect] Reconnected 0 customers
[2026-04-14 00:00:01] [suspend] Suspended 0 overdue customers (grace: 0 days)
[2026-04-14 00:00:01] [due-reminders] Sent 0 due reminders (due within 3 days)
[2026-04-14 00:00:01] [expiry-reminders] Sent 0 expiry reminders (expiring within 5 days)
[Tue 04/14/2026  0:00:03.69] Completed successfully 
[2026-04-14 00:09:42] [suspend] Suspended 0 overdue customers (grace: 0 days)
[2026-04-14 06:06:01] [suspend] Suspended 0 overdue customers (grace: 0 days)
[2026-04-14 08:00:01] [due-reminders] Sent 0 due reminders (due within 3 days)
[2026-04-14 12:06:01] [suspend] Suspended 0 overdue customers (grace: 0 days)
[2026-04-14 18:06:01] [suspend] Suspended 0 overdue customers (grace: 0 days)
[2026-04-15 00:00:01] [invoices] Generated 0, skipped 715
[2026-04-15 00:00:01] [reconnect] Reconnected 0 customers
[Wed 04/15/2026  0:00:02.18] Starting automation cron 
MIB search path: c:/usr/share/snmp/mibs
Cannot find module (IP-MIB): At line 0 in (none)
Cannot find module (IF-MIB): At line 0 in (none)
Cannot find module (TCP-MIB): At line 0 in (none)
Cannot find module (UDP-MIB): At line 0 in (none)
Cannot find module (HOST-RESOURCES-MIB): At line 0 in (none)
Cannot find module (SNMPv2-MIB): At line 0 in (none)
Cannot find module (SNMPv2-SMI): At line 0 in (none)
Cannot find module (NOTIFICATION-LOG-MIB): At line 0 in (none)
Cannot find module (UCD-SNMP-MIB): At line 0 in (none)
Cannot find module (UCD-DEMO-MIB): At line 0 in (none)
Cannot find module (SNMP-TARGET-MIB): At line 0 in (none)
Cannot find module (NET-SNMP-AGENT-MIB): At line 0 in (none)
Cannot find module (DISMAN-EVENT-MIB): At line 0 in (none)
Cannot find module (SNMP-VIEW-BASED-ACM-MIB): At line 0 in (none)
Cannot find module (SNMP-COMMUNITY-MIB): At line 0 in (none)
Cannot find module (SNMP-FRAMEWORK-MIB): At line 0 in (none)
Cannot find module (SNMP-MPD-MIB): At line 0 in (none)
Cannot find module (SNMP-USER-BASED-SM-MIB): At line 0 in (none)
Cannot find module (SNMP-NOTIFICATION-MIB): At line 0 in (none)
Cannot find module (SNMPv2-TM): At line 0 in (none)
[2026-04-15 00:00:02] [invoices] Generated 0, skipped 715
[2026-04-15 00:00:02] [reconnect] Reconnected 0 customers
[2026-04-15 00:00:02] [suspend] Suspended 0 overdue customers (grace: 0 days)
[2026-04-15 00:00:02] [due-reminders] Sent 0 due reminders (due within 3 days)
[2026-04-15 00:00:02] [expiry-reminders] Sent 0 expiry reminders (expiring within 5 days)
[Wed 04/15/2026  0:00:03.16] Completed successfully 
[2026-04-15 00:06:01] [suspend] Suspended 0 overdue customers (grace: 0 days)
[2026-04-15 06:06:02] [suspend] Suspended 0 overdue customers (grace: 0 days)
[2026-04-15 08:00:01] [due-reminders] Sent 0 due reminders (due within 3 days)
[2026-04-15 12:06:02] [suspend] Suspended 0 overdue customers (grace: 0 days)
[2026-04-15 18:06:01] [suspend] Suspended 0 overdue customers (grace: 0 days)
[Thu 04/16/2026  0:00:01.47] Starting automation cron 
MIB search path: c:/usr/share/snmp/mibs
Cannot find module (IP-MIB): At line 0 in (none)
Cannot find module (IF-MIB): At line 0 in (none)
Cannot find module (TCP-MIB): At line 0 in (none)
Cannot find module (UDP-MIB): At line 0 in (none)
Cannot find module (HOST-RESOURCES-MIB): At line 0 in (none)
Cannot find module (SNMPv2-MIB): At line 0 in (none)
Cannot find module (SNMPv2-SMI): At line 0 in (none)
Cannot find module (NOTIFICATION-LOG-MIB): At line 0 in (none)
Cannot find module (UCD-SNMP-MIB): At line 0 in (none)
Cannot find module (UCD-DEMO-MIB): At line 0 in (none)
Cannot find module (SNMP-TARGET-MIB): At line 0 in (none)
Cannot find module (NET-SNMP-AGENT-MIB): At line 0 in (none)
Cannot find module (DISMAN-EVENT-MIB): At line 0 in (none)
Cannot find module (SNMP-VIEW-BASED-ACM-MIB): At line 0 in (none)
Cannot find module (SNMP-COMMUNITY-MIB): At line 0 in (none)
Cannot find module (SNMP-FRAMEWORK-MIB): At line 0 in (none)
Cannot find module (SNMP-MPD-MIB): At line 0 in (none)
Cannot find module (SNMP-USER-BASED-SM-MIB): At line 0 in (none)
Cannot find module (SNMP-NOTIFICATION-MIB): At line 0 in (none)
Cannot find module (SNMPv2-TM): At line 0 in (none)
[2026-04-16 00:00:01] [invoices] Generated 0, skipped 715
[2026-04-16 00:00:01] [reconnect] Reconnected 0 customers
[2026-04-16 00:00:01] [suspend] Suspended 0 overdue customers (grace: 0 days)
[2026-04-16 00:00:01] [due-reminders] Sent 0 due reminders (due within 3 days)
[2026-04-16 00:00:01] [expiry-reminders] Sent 0 expiry reminders (expiring within 5 days)
[Thu 04/16/2026  0:00:02.48] Completed successfully 
[2026-04-16 00:00:02] [suspend] Suspended 0 overdue customers (grace: 0 days)
[2026-04-16 00:00:02] [due-reminders] Sent 0 due reminders (due within 3 days)
[2026-04-16 00:00:02] [expiry-reminders] Sent 0 expiry reminders (expiring within 5 days)
[2026-04-16 00:06:01] [suspend] Suspended 0 overdue customers (grace: 0 days)
[2026-04-16 06:06:01] [suspend] Suspended 0 overdue customers (grace: 0 days)
[2026-04-16 08:00:02] [due-reminders] Sent 0 due reminders (due within 3 days)
[2026-04-16 12:06:01] [suspend] Suspended 0 overdue customers (grace: 0 days)
[2026-04-16 18:06:02] [suspend] Suspended 0 overdue customers (grace: 0 days)
[Fri 04/17/2026  0:00:01.54] Starting automation cron 
MIB search path: c:/usr/share/snmp/mibs
Cannot find module (IP-MIB): At line 0 in (none)
Cannot find module (IF-MIB): At line 0 in (none)
Cannot find module (TCP-MIB): At line 0 in (none)
Cannot find module (UDP-MIB): At line 0 in (none)
Cannot find module (HOST-RESOURCES-MIB): At line 0 in (none)
Cannot find module (SNMPv2-MIB): At line 0 in (none)
Cannot find module (SNMPv2-SMI): At line 0 in (none)
Cannot find module (NOTIFICATION-LOG-MIB): At line 0 in (none)
Cannot find module (UCD-SNMP-MIB): At line 0 in (none)
Cannot find module (UCD-DEMO-MIB): At line 0 in (none)
Cannot find module (SNMP-TARGET-MIB): At line 0 in (none)
Cannot find module (NET-SNMP-AGENT-MIB): At line 0 in (none)
Cannot find module (DISMAN-EVENT-MIB): At line 0 in (none)
Cannot find module (SNMP-VIEW-BASED-ACM-MIB): At line 0 in (none)
Cannot find module (SNMP-COMMUNITY-MIB): At line 0 in (none)
Cannot find module (SNMP-FRAMEWORK-MIB): At line 0 in (none)
Cannot find module (SNMP-MPD-MIB): At line 0 in (none)
Cannot find module (SNMP-USER-BASED-SM-MIB): At line 0 in (none)
Cannot find module (SNMP-NOTIFICATION-MIB): At line 0 in (none)
Cannot find module (SNMPv2-TM): At line 0 in (none)
[2026-04-17 00:00:01] [invoices] Generated 0, skipped 715
[2026-04-17 00:00:01] [reconnect] Reconnected 0 customers
[2026-04-17 00:00:01] [suspend] Suspended 0 overdue customers (grace: 0 days)
[2026-04-17 00:00:01] [due-reminders] Sent 0 due reminders (due within 3 days)
[2026-04-17 00:00:01] [expiry-reminders] Sent 0 expiry reminders (expiring within 5 days)
[Fri 04/17/2026  0:00:02.55] Completed successfully 
[2026-04-17 00:00:02] [due-reminders] Sent 0 due reminders (due within 3 days)
[2026-04-17 00:00:02] [expiry-reminders] Sent 0 expiry reminders (expiring within 5 days)
[2026-04-17 00:06:01] [suspend] Suspended 0 overdue customers (grace: 0 days)
[2026-04-17 06:06:01] [suspend] Suspended 0 overdue customers (grace: 0 days)
[2026-04-17 08:00:01] [due-reminders] Sent 0 due reminders (due within 3 days)
[2026-04-17 12:06:01] [suspend] Suspended 0 overdue customers (grace: 0 days)
[2026-04-17 18:06:01] [suspend] Suspended 0 overdue customers (grace: 0 days)
[2026-04-18 00:00:01] [invoices] Generated 0, skipped 715
[Sat 04/18/2026  0:00:01.66] Starting automation cron 
MIB search path: c:/usr/share/snmp/mibs
Cannot find module (IP-MIB): At line 0 in (none)
Cannot find module (IF-MIB): At line 0 in (none)
Cannot find module (TCP-MIB): At line 0 in (none)
Cannot find module (UDP-MIB): At line 0 in (none)
Cannot find module (HOST-RESOURCES-MIB): At line 0 in (none)
Cannot find module (SNMPv2-MIB): At line 0 in (none)
Cannot find module (SNMPv2-SMI): At line 0 in (none)
Cannot find module (NOTIFICATION-LOG-MIB): At line 0 in (none)
Cannot find module (UCD-SNMP-MIB): At line 0 in (none)
Cannot find module (UCD-DEMO-MIB): At line 0 in (none)
Cannot find module (SNMP-TARGET-MIB): At line 0 in (none)
Cannot find module (NET-SNMP-AGENT-MIB): At line 0 in (none)
Cannot find module (DISMAN-EVENT-MIB): At line 0 in (none)
Cannot find module (SNMP-VIEW-BASED-ACM-MIB): At line 0 in (none)
Cannot find module (SNMP-COMMUNITY-MIB): At line 0 in (none)
Cannot find module (SNMP-FRAMEWORK-MIB): At line 0 in (none)
Cannot find module (SNMP-MPD-MIB): At line 0 in (none)
Cannot find module (SNMP-USER-BASED-SM-MIB): At line 0 in (none)
Cannot find module (SNMP-NOTIFICATION-MIB): At line 0 in (none)
Cannot find module (SNMPv2-TM): At line 0 in (none)
[2026-04-18 00:00:01] [invoices] Generated 0, skipped 715
[2026-04-18 00:00:01] [reconnect] Reconnected 0 customers
[2026-04-18 00:00:01] [suspend] Suspended 0 overdue customers (grace: 0 days)
[2026-04-18 00:00:01] [due-reminders] Sent 0 due reminders (due within 3 days)
[2026-04-18 00:00:01] [expiry-reminders] Sent 0 expiry reminders (expiring within 5 days)
[Sat 04/18/2026  0:00:02.81] Completed successfully 
[2026-04-18 00:06:01] [suspend] Suspended 0 overdue customers (grace: 0 days)
[2026-04-18 06:06:01] [suspend] Suspended 0 overdue customers (grace: 0 days)
[2026-04-18 08:00:01] [due-reminders] Sent 0 due reminders (due within 3 days)
[2026-04-18 12:06:01] [suspend] Suspended 0 overdue customers (grace: 0 days)
[2026-04-18 18:06:01] [suspend] Suspended 0 overdue customers (grace: 0 days)
[2026-04-19 00:00:01] [invoices] Generated 0, skipped 715
[2026-04-19 00:00:01] [reconnect] Reconnected 0 customers
[Sun 04/19/2026  0:00:01.68] Starting automation cron 
MIB search path: c:/usr/share/snmp/mibs
Cannot find module (IP-MIB): At line 0 in (none)
Cannot find module (IF-MIB): At line 0 in (none)
Cannot find module (TCP-MIB): At line 0 in (none)
Cannot find module (UDP-MIB): At line 0 in (none)
Cannot find module (HOST-RESOURCES-MIB): At line 0 in (none)
Cannot find module (SNMPv2-MIB): At line 0 in (none)
Cannot find module (SNMPv2-SMI): At line 0 in (none)
Cannot find module (NOTIFICATION-LOG-MIB): At line 0 in (none)
Cannot find module (UCD-SNMP-MIB): At line 0 in (none)
Cannot find module (UCD-DEMO-MIB): At line 0 in (none)
Cannot find module (SNMP-TARGET-MIB): At line 0 in (none)
Cannot find module (NET-SNMP-AGENT-MIB): At line 0 in (none)
Cannot find module (DISMAN-EVENT-MIB): At line 0 in (none)
Cannot find module (SNMP-VIEW-BASED-ACM-MIB): At line 0 in (none)
Cannot find module (SNMP-COMMUNITY-MIB): At line 0 in (none)
Cannot find module (SNMP-FRAMEWORK-MIB): At line 0 in (none)
Cannot find module (SNMP-MPD-MIB): At line 0 in (none)
Cannot find module (SNMP-USER-BASED-SM-MIB): At line 0 in (none)
Cannot find module (SNMP-NOTIFICATION-MIB): At line 0 in (none)
Cannot find module (SNMPv2-TM): At line 0 in (none)
[2026-04-19 00:00:01] [invoices] Generated 0, skipped 715
[2026-04-19 00:00:01] [reconnect] Reconnected 0 customers
[2026-04-19 00:00:01] [suspend] Suspended 0 overdue customers (grace: 0 days)
[2026-04-19 00:00:01] [due-reminders] Sent 0 due reminders (due within 3 days)
[2026-04-19 00:00:01] [expiry-reminders] Sent 0 expiry reminders (expiring within 5 days)
[Sun 04/19/2026  0:00:02.63] Completed successfully 
[2026-04-19 00:06:02] [suspend] Suspended 0 overdue customers (grace: 0 days)
[2026-04-19 06:06:01] [suspend] Suspended 0 overdue customers (grace: 0 days)
[2026-04-19 08:00:01] [due-reminders] Sent 0 due reminders (due within 3 days)
[2026-04-19 18:06:01] [suspend] Suspended 0 overdue customers (grace: 0 days)
[Mon 04/20/2026  0:00:01.41] Starting automation cron 
MIB search path: c:/usr/share/snmp/mibs
Cannot find module (IP-MIB): At line 0 in (none)
Cannot find module (IF-MIB): At line 0 in (none)
Cannot find module (TCP-MIB): At line 0 in (none)
Cannot find module (UDP-MIB): At line 0 in (none)
Cannot find module (HOST-RESOURCES-MIB): At line 0 in (none)
Cannot find module (SNMPv2-MIB): At line 0 in (none)
Cannot find module (SNMPv2-SMI): At line 0 in (none)
Cannot find module (NOTIFICATION-LOG-MIB): At line 0 in (none)
Cannot find module (UCD-SNMP-MIB): At line 0 in (none)
Cannot find module (UCD-DEMO-MIB): At line 0 in (none)
Cannot find module (SNMP-TARGET-MIB): At line 0 in (none)
Cannot find module (NET-SNMP-AGENT-MIB): At line 0 in (none)
Cannot find module (DISMAN-EVENT-MIB): At line 0 in (none)
Cannot find module (SNMP-VIEW-BASED-ACM-MIB): At line 0 in (none)
Cannot find module (SNMP-COMMUNITY-MIB): At line 0 in (none)
Cannot find module (SNMP-FRAMEWORK-MIB): At line 0 in (none)
Cannot find module (SNMP-MPD-MIB): At line 0 in (none)
Cannot find module (SNMP-USER-BASED-SM-MIB): At line 0 in (none)
Cannot find module (SNMP-NOTIFICATION-MIB): At line 0 in (none)
Cannot find module (SNMPv2-TM): At line 0 in (none)
[2026-04-20 00:00:01] [invoices] Generated 0, skipped 715
[2026-04-20 00:00:01] [reconnect] Reconnected 0 customers
[2026-04-20 00:00:01] [suspend] Suspended 0 overdue customers (grace: 0 days)
[2026-04-20 00:00:01] [due-reminders] Sent 0 due reminders (due within 3 days)
[2026-04-20 00:00:01] [expiry-reminders] Sent 0 expiry reminders (expiring within 5 days)
[Mon 04/20/2026  0:00:09.61] Completed successfully 
[2026-04-20 00:06:01] [suspend] Suspended 0 overdue customers (grace: 0 days)
[2026-04-20 06:06:01] [suspend] Suspended 0 overdue customers (grace: 0 days)
[2026-04-20 08:00:02] [due-reminders] Sent 0 due reminders (due within 3 days)
[2026-04-20 12:06:01] [suspend] Suspended 0 overdue customers (grace: 0 days)
[2026-04-20 18:06:01] [suspend] Suspended 0 overdue customers (grace: 0 days)
[2026-04-21 00:00:01] [invoices] Generated 0, skipped 715
[2026-04-21 00:00:01] [reconnect] Reconnected 0 customers
[2026-04-21 00:00:01] [suspend] Suspended 0 overdue customers (grace: 0 days)
[Tue 04/21/2026  0:00:01.58] Starting automation cron 
MIB search path: c:/usr/share/snmp/mibs
Cannot find module (IP-MIB): At line 0 in (none)
Cannot find module (IF-MIB): At line 0 in (none)
Cannot find module (TCP-MIB): At line 0 in (none)
Cannot find module (UDP-MIB): At line 0 in (none)
Cannot find module (HOST-RESOURCES-MIB): At line 0 in (none)
Cannot find module (SNMPv2-MIB): At line 0 in (none)
Cannot find module (SNMPv2-SMI): At line 0 in (none)
Cannot find module (NOTIFICATION-LOG-MIB): At line 0 in (none)
Cannot find module (UCD-SNMP-MIB): At line 0 in (none)
Cannot find module (UCD-DEMO-MIB): At line 0 in (none)
Cannot find module (SNMP-TARGET-MIB): At line 0 in (none)
Cannot find module (NET-SNMP-AGENT-MIB): At line 0 in (none)
Cannot find module (DISMAN-EVENT-MIB): At line 0 in (none)
Cannot find module (SNMP-VIEW-BASED-ACM-MIB): At line 0 in (none)
Cannot find module (SNMP-COMMUNITY-MIB): At line 0 in (none)
Cannot find module (SNMP-FRAMEWORK-MIB): At line 0 in (none)
Cannot find module (SNMP-MPD-MIB): At line 0 in (none)
Cannot find module (SNMP-USER-BASED-SM-MIB): At line 0 in (none)
Cannot find module (SNMP-NOTIFICATION-MIB): At line 0 in (none)
Cannot find module (SNMPv2-TM): At line 0 in (none)
[2026-04-21 00:00:01] [invoices] Generated 0, skipped 715
[2026-04-21 00:00:01] [reconnect] Reconnected 0 customers
[2026-04-21 00:00:01] [suspend] Suspended 0 overdue customers (grace: 0 days)
[2026-04-21 00:00:01] [due-reminders] Sent 0 due reminders (due within 3 days)
[2026-04-21 00:00:01] [expiry-reminders] Sent 0 expiry reminders (expiring within 5 days)
[Tue 04/21/2026  0:00:08.27] Completed successfully 
[2026-04-21 00:06:01] [suspend] Suspended 0 overdue customers (grace: 0 days)
[2026-04-21 06:06:01] [suspend] Suspended 0 overdue customers (grace: 0 days)
[2026-04-21 08:00:01] [due-reminders] Sent 0 due reminders (due within 3 days)
[2026-04-21 12:06:01] [suspend] Suspended 0 overdue customers (grace: 0 days)
[2026-04-21 18:06:02] [suspend] Suspended 0 overdue customers (grace: 0 days)
[2026-04-22 00:00:01] [invoices] Generated 0, skipped 715
[2026-04-22 00:00:01] [reconnect] Reconnected 0 customers
[2026-04-22 00:00:01] [suspend] Suspended 0 overdue customers (grace: 0 days)
[Wed 04/22/2026  0:00:01.96] Starting automation cron 
MIB search path: c:/usr/share/snmp/mibs
Cannot find module (IP-MIB): At line 0 in (none)
Cannot find module (IF-MIB): At line 0 in (none)
Cannot find module (TCP-MIB): At line 0 in (none)
Cannot find module (UDP-MIB): At line 0 in (none)
Cannot find module (HOST-RESOURCES-MIB): At line 0 in (none)
Cannot find module (SNMPv2-MIB): At line 0 in (none)
Cannot find module (SNMPv2-SMI): At line 0 in (none)
Cannot find module (NOTIFICATION-LOG-MIB): At line 0 in (none)
Cannot find module (UCD-SNMP-MIB): At line 0 in (none)
Cannot find module (UCD-DEMO-MIB): At line 0 in (none)
Cannot find module (SNMP-TARGET-MIB): At line 0 in (none)
Cannot find module (NET-SNMP-AGENT-MIB): At line 0 in (none)
Cannot find module (DISMAN-EVENT-MIB): At line 0 in (none)
Cannot find module (SNMP-VIEW-BASED-ACM-MIB): At line 0 in (none)
Cannot find module (SNMP-COMMUNITY-MIB): At line 0 in (none)
Cannot find module (SNMP-FRAMEWORK-MIB): At line 0 in (none)
Cannot find module (SNMP-MPD-MIB): At line 0 in (none)
Cannot find module (SNMP-USER-BASED-SM-MIB): At line 0 in (none)
Cannot find module (SNMP-NOTIFICATION-MIB): At line 0 in (none)
Cannot find module (SNMPv2-TM): At line 0 in (none)
[2026-04-22 00:00:02] [invoices] Generated 0, skipped 715
[2026-04-22 00:00:02] [reconnect] Reconnected 0 customers
[2026-04-22 00:00:02] [suspend] Suspended 0 overdue customers (grace: 0 days)
[2026-04-22 00:00:02] [due-reminders] Sent 0 due reminders (due within 3 days)
[2026-04-22 00:00:02] [expiry-reminders] Sent 0 expiry reminders (expiring within 5 days)
[Wed 04/22/2026  0:00:32.66] Completed successfully 
[2026-04-22 00:06:01] [suspend] Suspended 0 overdue customers (grace: 0 days)
[2026-04-22 06:06:01] [suspend] Suspended 0 overdue customers (grace: 0 days)
[2026-04-22 08:00:02] [due-reminders] Sent 0 due reminders (due within 3 days)
[2026-04-22 12:06:01] [suspend] Suspended 0 overdue customers (grace: 0 days)
[2026-04-23 00:00:01] [invoices] Generated 0, skipped 715
[Thu 04/23/2026  0:00:01.72] Starting automation cron 
MIB search path: c:/usr/share/snmp/mibs
Cannot find module (IP-MIB): At line 0 in (none)
Cannot find module (IF-MIB): At line 0 in (none)
Cannot find module (TCP-MIB): At line 0 in (none)
Cannot find module (UDP-MIB): At line 0 in (none)
Cannot find module (HOST-RESOURCES-MIB): At line 0 in (none)
Cannot find module (SNMPv2-MIB): At line 0 in (none)
Cannot find module (SNMPv2-SMI): At line 0 in (none)
Cannot find module (NOTIFICATION-LOG-MIB): At line 0 in (none)
Cannot find module (UCD-SNMP-MIB): At line 0 in (none)
Cannot find module (UCD-DEMO-MIB): At line 0 in (none)
Cannot find module (SNMP-TARGET-MIB): At line 0 in (none)
Cannot find module (NET-SNMP-AGENT-MIB): At line 0 in (none)
Cannot find module (DISMAN-EVENT-MIB): At line 0 in (none)
Cannot find module (SNMP-VIEW-BASED-ACM-MIB): At line 0 in (none)
Cannot find module (SNMP-COMMUNITY-MIB): At line 0 in (none)
Cannot find module (SNMP-FRAMEWORK-MIB): At line 0 in (none)
Cannot find module (SNMP-MPD-MIB): At line 0 in (none)
Cannot find module (SNMP-USER-BASED-SM-MIB): At line 0 in (none)
Cannot find module (SNMP-NOTIFICATION-MIB): At line 0 in (none)
Cannot find module (SNMPv2-TM): At line 0 in (none)
[2026-04-23 00:00:01] [invoices] Generated 0, skipped 715
[2026-04-23 00:00:01] [reconnect] Reconnected 0 customers
[2026-04-23 00:00:01] [suspend] Suspended 0 overdue customers (grace: 0 days)
[2026-04-23 00:00:01] [due-reminders] Sent 0 due reminders (due within 3 days)
[2026-04-23 00:00:01] [expiry-reminders] Sent 0 expiry reminders (expiring within 5 days)
[Thu 04/23/2026  0:00:15.93] Completed successfully 
[2026-04-23 00:06:01] [suspend] Suspended 0 overdue customers (grace: 0 days)
[2026-04-23 06:06:03] [suspend] Suspended 0 overdue customers (grace: 0 days)
[2026-04-23 08:00:01] [due-reminders] Sent 0 due reminders (due within 3 days)
[2026-04-23 12:06:02] [suspend] Suspended 0 overdue customers (grace: 0 days)
[2026-04-23 18:06:02] [suspend] Suspended 0 overdue customers (grace: 0 days)
[Fri 04/24/2026  0:00:02.13] Starting automation cron 
MIB search path: c:/usr/share/snmp/mibs
Cannot find module (IP-MIB): At line 0 in (none)
Cannot find module (IF-MIB): At line 0 in (none)
Cannot find module (TCP-MIB): At line 0 in (none)
Cannot find module (UDP-MIB): At line 0 in (none)
Cannot find module (HOST-RESOURCES-MIB): At line 0 in (none)
Cannot find module (SNMPv2-MIB): At line 0 in (none)
Cannot find module (SNMPv2-SMI): At line 0 in (none)
Cannot find module (NOTIFICATION-LOG-MIB): At line 0 in (none)
Cannot find module (UCD-SNMP-MIB): At line 0 in (none)
Cannot find module (UCD-DEMO-MIB): At line 0 in (none)
Cannot find module (SNMP-TARGET-MIB): At line 0 in (none)
Cannot find module (NET-SNMP-AGENT-MIB): At line 0 in (none)
Cannot find module (DISMAN-EVENT-MIB): At line 0 in (none)
Cannot find module (SNMP-VIEW-BASED-ACM-MIB): At line 0 in (none)
Cannot find module (SNMP-COMMUNITY-MIB): At line 0 in (none)
Cannot find module (SNMP-FRAMEWORK-MIB): At line 0 in (none)
Cannot find module (SNMP-MPD-MIB): At line 0 in (none)
Cannot find module (SNMP-USER-BASED-SM-MIB): At line 0 in (none)
Cannot find module (SNMP-NOTIFICATION-MIB): At line 0 in (none)
Cannot find module (SNMPv2-TM): At line 0 in (none)
[2026-04-24 00:00:02] [invoices] Generated 0, skipped 715
[2026-04-24 00:00:02] [reconnect] Reconnected 0 customers
[2026-04-24 00:00:02] [suspend] Suspended 0 overdue customers (grace: 0 days)
[2026-04-24 00:00:02] [suspend] Suspended 0 overdue customers (grace: 0 days)
[2026-04-24 00:00:02] [due-reminders] Sent 0 due reminders (due within 3 days)
[2026-04-24 00:00:02] [expiry-reminders] Sent 0 expiry reminders (expiring within 5 days)
[2026-04-24 00:06:02] [suspend] Suspended 0 overdue customers (grace: 0 days)
[2026-04-24 12:06:01] [suspend] Suspended 0 overdue customers (grace: 0 days)
[2026-04-24 18:06:01] [suspend] Suspended 0 overdue customers (grace: 0 days)
[Sat 04/25/2026  0:00:01.17] Starting automation cron 
MIB search path: c:/usr/share/snmp/mibs
Cannot find module (IP-MIB): At line 0 in (none)
Cannot find module (IF-MIB): At line 0 in (none)
Cannot find module (TCP-MIB): At line 0 in (none)
Cannot find module (UDP-MIB): At line 0 in (none)
Cannot find module (HOST-RESOURCES-MIB): At line 0 in (none)
Cannot find module (SNMPv2-MIB): At line 0 in (none)
Cannot find module (SNMPv2-SMI): At line 0 in (none)
Cannot find module (NOTIFICATION-LOG-MIB): At line 0 in (none)
Cannot find module (UCD-SNMP-MIB): At line 0 in (none)
Cannot find module (UCD-DEMO-MIB): At line 0 in (none)
Cannot find module (SNMP-TARGET-MIB): At line 0 in (none)
Cannot find module (NET-SNMP-AGENT-MIB): At line 0 in (none)
Cannot find module (DISMAN-EVENT-MIB): At line 0 in (none)
Cannot find module (SNMP-VIEW-BASED-ACM-MIB): At line 0 in (none)
Cannot find module (SNMP-COMMUNITY-MIB): At line 0 in (none)
Cannot find module (SNMP-FRAMEWORK-MIB): At line 0 in (none)
Cannot find module (SNMP-MPD-MIB): At line 0 in (none)
Cannot find module (SNMP-USER-BASED-SM-MIB): At line 0 in (none)
Cannot find module (SNMP-NOTIFICATION-MIB): At line 0 in (none)
Cannot find module (SNMPv2-TM): At line 0 in (none)
[2026-04-25 00:00:01] [invoices] Generated 0, skipped 715
[2026-04-25 00:00:01] [reconnect] Reconnected 0 customers
[2026-04-25 00:00:01] [suspend] Suspended 0 overdue customers (grace: 0 days)
[2026-04-25 00:00:01] [due-reminders] Sent 0 due reminders (due within 3 days)
[2026-04-25 00:00:01] [expiry-reminders] Sent 0 expiry reminders (expiring within 5 days)
[Sat 04/25/2026  0:00:34.55] Completed successfully 
[2026-04-25 00:00:02] [expiry-reminders] Sent 0 expiry reminders (expiring within 5 days)
[2026-04-25 00:06:01] [suspend] Suspended 0 overdue customers (grace: 0 days)
[2026-04-25 08:00:01] [due-reminders] Sent 0 due reminders (due within 3 days)
[2026-04-25 12:06:02] [suspend] Suspended 0 overdue customers (grace: 0 days)
[2026-04-25 18:06:02] [suspend] Suspended 0 overdue customers (grace: 0 days)
[Sun 04/26/2026  0:00:02.01] Starting automation cron 
MIB search path: c:/usr/share/snmp/mibs
Cannot find module (IP-MIB): At line 0 in (none)
Cannot find module (IF-MIB): At line 0 in (none)
Cannot find module (TCP-MIB): At line 0 in (none)
Cannot find module (UDP-MIB): At line 0 in (none)
Cannot find module (HOST-RESOURCES-MIB): At line 0 in (none)
Cannot find module (SNMPv2-MIB): At line 0 in (none)
Cannot find module (SNMPv2-SMI): At line 0 in (none)
Cannot find module (NOTIFICATION-LOG-MIB): At line 0 in (none)
Cannot find module (UCD-SNMP-MIB): At line 0 in (none)
Cannot find module (UCD-DEMO-MIB): At line 0 in (none)
Cannot find module (SNMP-TARGET-MIB): At line 0 in (none)
Cannot find module (NET-SNMP-AGENT-MIB): At line 0 in (none)
Cannot find module (DISMAN-EVENT-MIB): At line 0 in (none)
Cannot find module (SNMP-VIEW-BASED-ACM-MIB): At line 0 in (none)
Cannot find module (SNMP-COMMUNITY-MIB): At line 0 in (none)
Cannot find module (SNMP-FRAMEWORK-MIB): At line 0 in (none)
Cannot find module (SNMP-MPD-MIB): At line 0 in (none)
Cannot find module (SNMP-USER-BASED-SM-MIB): At line 0 in (none)
Cannot find module (SNMP-NOTIFICATION-MIB): At line 0 in (none)
Cannot find module (SNMPv2-TM): At line 0 in (none)
[2026-04-26 00:00:02] [invoices] Generated 0, skipped 715
[2026-04-26 00:00:02] [reconnect] Reconnected 0 customers
[2026-04-26 00:00:02] [suspend] Suspended 669 overdue customers (grace: 0 days)
[2026-04-26 00:00:02] [due-reminders] Sent 0 due reminders (due within 3 days)
[2026-04-26 00:00:02] [expiry-reminders] Sent 0 expiry reminders (expiring within 5 days)
[Sun 04/26/2026  0:18:00.35] Completed successfully 
