[2026-04-10 01:42:44] === Backup started: backup_2026-04-10_01-42-44 (job: full) ===
[2026-04-10 01:42:44] SQLite: 604 KB
[2026-04-10 01:42:46] MySQL [radius]: 75.26 KB
[2026-04-10 01:42:47] MySQL [piprapay]: 29.26 KB
[2026-04-10 01:42:47] .env: backed up
[2026-04-10 01:42:47] Uploads: directory not found (skipped)
[2026-04-10 01:42:47] ERROR: zip command failed. ZipArchive extension not available.
[2026-04-10 01:42:47] === Backup finished with errors: zip failed ===
[2026-04-10 01:43:48] === Backup started: backup_2026-04-10_01-43-48 (job: full) ===
[2026-04-10 01:43:48] SQLite: 604 KB
[2026-04-10 01:43:49] MySQL [radius]: 75.26 KB
[2026-04-10 01:43:49] MySQL [piprapay]: 29.26 KB
[2026-04-10 01:43:49] .env: backed up
[2026-04-10 01:43:49] Uploads: directory not found (skipped)
[2026-04-10 01:43:51] Backup saved: backup_2026-04-10_01-43-48.zip (48.78 KB)
[2026-04-10 01:43:51] === Backup complete. Total backups stored: 1 ===
[2026-04-10 01:44:16] === Backup started: backup_2026-04-10_01-44-16 (job: full) ===
[2026-04-10 01:44:16] SQLite: 604 KB
[2026-04-10 01:44:17] MySQL [radius]: 75.26 KB
[2026-04-10 01:44:17] MySQL [piprapay]: 29.26 KB
[2026-04-10 01:44:17] .env: backed up
[2026-04-10 01:44:17] Uploads: directory not found (skipped)
[2026-04-10 01:44:18] Backup saved: backup_2026-04-10_01-44-16.zip (48.78 KB)
[2026-04-10 01:44:18] === Backup complete. Total backups stored: 2 ===
[Fri 04/10/2026  2:00:00.52] Starting backup 
MIB search path: c:/usr/share/snmp/mibs
Cannot find module (IP-MIB): At line 0 in (none)
Cannot find module (IF-MIB): At line 0 in (none)
Cannot find module (TCP-MIB): At line 0 in (none)
Cannot find module (UDP-MIB): At line 0 in (none)
Cannot find module (HOST-RESOURCES-MIB): At line 0 in (none)
Cannot find module (SNMPv2-MIB): At line 0 in (none)
Cannot find module (SNMPv2-SMI): At line 0 in (none)
Cannot find module (NOTIFICATION-LOG-MIB): At line 0 in (none)
Cannot find module (UCD-SNMP-MIB): At line 0 in (none)
Cannot find module (UCD-DEMO-MIB): At line 0 in (none)
Cannot find module (SNMP-TARGET-MIB): At line 0 in (none)
Cannot find module (NET-SNMP-AGENT-MIB): At line 0 in (none)
Cannot find module (DISMAN-EVENT-MIB): At line 0 in (none)
Cannot find module (SNMP-VIEW-BASED-ACM-MIB): At line 0 in (none)
Cannot find module (SNMP-COMMUNITY-MIB): At line 0 in (none)
Cannot find module (SNMP-FRAMEWORK-MIB): At line 0 in (none)
Cannot find module (SNMP-MPD-MIB): At line 0 in (none)
Cannot find module (SNMP-USER-BASED-SM-MIB): At line 0 in (none)
Cannot find module (SNMP-NOTIFICATION-MIB): At line 0 in (none)
Cannot find module (SNMPv2-TM): At line 0 in (none)
[2026-04-10 02:00:00] === Backup started: backup_2026-04-10_02-00-00 (job: full) ===
[2026-04-10 02:00:00] SQLite: 604 KB
[2026-04-10 02:00:01] MySQL [radius]: 75.26 KB
[2026-04-10 02:00:02] MySQL [piprapay]: 29.26 KB
[2026-04-10 02:00:02] .env: backed up
[2026-04-10 02:00:02] Uploads: directory not found (skipped)
[2026-04-10 02:00:02] Backup saved: backup_2026-04-10_02-00-00.zip (48.75 KB)
[2026-04-10 02:00:02] === Backup complete. Total backups stored: 3 ===
[Fri 04/10/2026  2:00:02.17] Backup completed 
[Mon 04/13/2026  2:00:01.55] Starting backup 
MIB search path: c:/usr/share/snmp/mibs
Cannot find module (IP-MIB): At line 0 in (none)
Cannot find module (IF-MIB): At line 0 in (none)
Cannot find module (TCP-MIB): At line 0 in (none)
Cannot find module (UDP-MIB): At line 0 in (none)
Cannot find module (HOST-RESOURCES-MIB): At line 0 in (none)
Cannot find module (SNMPv2-MIB): At line 0 in (none)
Cannot find module (SNMPv2-SMI): At line 0 in (none)
Cannot find module (NOTIFICATION-LOG-MIB): At line 0 in (none)
Cannot find module (UCD-SNMP-MIB): At line 0 in (none)
Cannot find module (UCD-DEMO-MIB): At line 0 in (none)
Cannot find module (SNMP-TARGET-MIB): At line 0 in (none)
Cannot find module (NET-SNMP-AGENT-MIB): At line 0 in (none)
Cannot find module (DISMAN-EVENT-MIB): At line 0 in (none)
Cannot find module (SNMP-VIEW-BASED-ACM-MIB): At line 0 in (none)
Cannot find module (SNMP-COMMUNITY-MIB): At line 0 in (none)
Cannot find module (SNMP-FRAMEWORK-MIB): At line 0 in (none)
Cannot find module (SNMP-MPD-MIB): At line 0 in (none)
Cannot find module (SNMP-USER-BASED-SM-MIB): At line 0 in (none)
Cannot find module (SNMP-NOTIFICATION-MIB): At line 0 in (none)
Cannot find module (SNMPv2-TM): At line 0 in (none)
[2026-04-13 02:00:01] === Backup started: backup_2026-04-13_02-00-01 (job: full) ===
[2026-04-13 02:00:01] SQLite: 1.02 MB
[2026-04-13 02:00:02] MySQL [radius]: 138.45 KB
[2026-04-13 02:00:03] MySQL [piprapay]: 31.65 KB
[2026-04-13 02:00:03] .env: backed up
[2026-04-13 02:00:03] Uploads: directory not found (skipped)
[2026-04-13 02:00:03] Backup saved: backup_2026-04-13_02-00-01.zip (166.46 KB)
[2026-04-13 02:00:03] === Backup complete. Total backups stored: 4 ===
[Mon 04/13/2026  2:00:03.67] Backup completed 
[Tue 04/14/2026  2:00:02.11] Starting backup 
MIB search path: c:/usr/share/snmp/mibs
Cannot find module (IP-MIB): At line 0 in (none)
Cannot find module (IF-MIB): At line 0 in (none)
Cannot find module (TCP-MIB): At line 0 in (none)
Cannot find module (UDP-MIB): At line 0 in (none)
Cannot find module (HOST-RESOURCES-MIB): At line 0 in (none)
Cannot find module (SNMPv2-MIB): At line 0 in (none)
Cannot find module (SNMPv2-SMI): At line 0 in (none)
Cannot find module (NOTIFICATION-LOG-MIB): At line 0 in (none)
Cannot find module (UCD-SNMP-MIB): At line 0 in (none)
Cannot find module (UCD-DEMO-MIB): At line 0 in (none)
Cannot find module (SNMP-TARGET-MIB): At line 0 in (none)
Cannot find module (NET-SNMP-AGENT-MIB): At line 0 in (none)
Cannot find module (DISMAN-EVENT-MIB): At line 0 in (none)
Cannot find module (SNMP-VIEW-BASED-ACM-MIB): At line 0 in (none)
Cannot find module (SNMP-COMMUNITY-MIB): At line 0 in (none)
Cannot find module (SNMP-FRAMEWORK-MIB): At line 0 in (none)
Cannot find module (SNMP-MPD-MIB): At line 0 in (none)
Cannot find module (SNMP-USER-BASED-SM-MIB): At line 0 in (none)
Cannot find module (SNMP-NOTIFICATION-MIB): At line 0 in (none)
Cannot find module (SNMPv2-TM): At line 0 in (none)
[2026-04-14 02:00:02] === Backup started: backup_2026-04-14_02-00-02 (job: full) ===
[2026-04-14 02:00:02] SQLite: 1.02 MB
[2026-04-14 02:00:03] MySQL [radius]: 144.72 KB
[2026-04-14 02:00:04] MySQL [piprapay]: 31.65 KB
[2026-04-14 02:00:04] .env: backed up
[2026-04-14 02:00:04] Uploads: directory not found (skipped)
[2026-04-14 02:00:04] Backup saved: backup_2026-04-14_02-00-02.zip (167.57 KB)
[2026-04-14 02:00:04] === Backup complete. Total backups stored: 5 ===
[Tue 04/14/2026  2:00:04.69] Backup completed 
[Wed 04/15/2026  2:00:02.11] Starting backup 
MIB search path: c:/usr/share/snmp/mibs
Cannot find module (IP-MIB): At line 0 in (none)
Cannot find module (IF-MIB): At line 0 in (none)
Cannot find module (TCP-MIB): At line 0 in (none)
Cannot find module (UDP-MIB): At line 0 in (none)
Cannot find module (HOST-RESOURCES-MIB): At line 0 in (none)
Cannot find module (SNMPv2-MIB): At line 0 in (none)
Cannot find module (SNMPv2-SMI): At line 0 in (none)
Cannot find module (NOTIFICATION-LOG-MIB): At line 0 in (none)
Cannot find module (UCD-SNMP-MIB): At line 0 in (none)
Cannot find module (UCD-DEMO-MIB): At line 0 in (none)
Cannot find module (SNMP-TARGET-MIB): At line 0 in (none)
Cannot find module (NET-SNMP-AGENT-MIB): At line 0 in (none)
Cannot find module (DISMAN-EVENT-MIB): At line 0 in (none)
Cannot find module (SNMP-VIEW-BASED-ACM-MIB): At line 0 in (none)
Cannot find module (SNMP-COMMUNITY-MIB): At line 0 in (none)
Cannot find module (SNMP-FRAMEWORK-MIB): At line 0 in (none)
Cannot find module (SNMP-MPD-MIB): At line 0 in (none)
Cannot find module (SNMP-USER-BASED-SM-MIB): At line 0 in (none)
Cannot find module (SNMP-NOTIFICATION-MIB): At line 0 in (none)
Cannot find module (SNMPv2-TM): At line 0 in (none)
[2026-04-15 02:00:02] === Backup started: backup_2026-04-15_02-00-02 (job: full) ===
[2026-04-15 02:00:02] SQLite: 1.02 MB
[2026-04-15 02:00:03] MySQL [radius]: 144.72 KB
[2026-04-15 02:00:04] MySQL [piprapay]: 31.65 KB
[2026-04-15 02:00:04] .env: backed up
[2026-04-15 02:00:04] Uploads: directory not found (skipped)
[2026-04-15 02:00:04] Backup saved: backup_2026-04-15_02-00-02.zip (167.57 KB)
[2026-04-15 02:00:04] === Backup complete. Total backups stored: 6 ===
[Wed 04/15/2026  2:00:04.18] Backup completed 
[Thu 04/16/2026  2:00:01.35] Starting backup 
MIB search path: c:/usr/share/snmp/mibs
Cannot find module (IP-MIB): At line 0 in (none)
Cannot find module (IF-MIB): At line 0 in (none)
Cannot find module (TCP-MIB): At line 0 in (none)
Cannot find module (UDP-MIB): At line 0 in (none)
Cannot find module (HOST-RESOURCES-MIB): At line 0 in (none)
Cannot find module (SNMPv2-MIB): At line 0 in (none)
Cannot find module (SNMPv2-SMI): At line 0 in (none)
Cannot find module (NOTIFICATION-LOG-MIB): At line 0 in (none)
Cannot find module (UCD-SNMP-MIB): At line 0 in (none)
Cannot find module (UCD-DEMO-MIB): At line 0 in (none)
Cannot find module (SNMP-TARGET-MIB): At line 0 in (none)
Cannot find module (NET-SNMP-AGENT-MIB): At line 0 in (none)
Cannot find module (DISMAN-EVENT-MIB): At line 0 in (none)
Cannot find module (SNMP-VIEW-BASED-ACM-MIB): At line 0 in (none)
Cannot find module (SNMP-COMMUNITY-MIB): At line 0 in (none)
Cannot find module (SNMP-FRAMEWORK-MIB): At line 0 in (none)
Cannot find module (SNMP-MPD-MIB): At line 0 in (none)
Cannot find module (SNMP-USER-BASED-SM-MIB): At line 0 in (none)
Cannot find module (SNMP-NOTIFICATION-MIB): At line 0 in (none)
Cannot find module (SNMPv2-TM): At line 0 in (none)
[2026-04-16 02:00:01] === Backup started: backup_2026-04-16_02-00-01 (job: full) ===
[2026-04-16 02:00:01] SQLite: 1.02 MB
[2026-04-16 02:00:02] MySQL [radius]: 144.72 KB
[2026-04-16 02:00:03] MySQL [piprapay]: 31.65 KB
[2026-04-16 02:00:03] .env: backed up
[2026-04-16 02:00:03] Uploads: directory not found (skipped)
[2026-04-16 02:00:03] Backup saved: backup_2026-04-16_02-00-01.zip (167.57 KB)
[2026-04-16 02:00:03] === Backup complete. Total backups stored: 7 ===
[Thu 04/16/2026  2:00:03.61] Backup completed 
[Sat 04/18/2026  2:00:01.81] Starting backup 
MIB search path: c:/usr/share/snmp/mibs
Cannot find module (IP-MIB): At line 0 in (none)
Cannot find module (IF-MIB): At line 0 in (none)
Cannot find module (TCP-MIB): At line 0 in (none)
Cannot find module (UDP-MIB): At line 0 in (none)
Cannot find module (HOST-RESOURCES-MIB): At line 0 in (none)
Cannot find module (SNMPv2-MIB): At line 0 in (none)
Cannot find module (SNMPv2-SMI): At line 0 in (none)
Cannot find module (NOTIFICATION-LOG-MIB): At line 0 in (none)
Cannot find module (UCD-SNMP-MIB): At line 0 in (none)
Cannot find module (UCD-DEMO-MIB): At line 0 in (none)
Cannot find module (SNMP-TARGET-MIB): At line 0 in (none)
Cannot find module (NET-SNMP-AGENT-MIB): At line 0 in (none)
Cannot find module (DISMAN-EVENT-MIB): At line 0 in (none)
Cannot find module (SNMP-VIEW-BASED-ACM-MIB): At line 0 in (none)
Cannot find module (SNMP-COMMUNITY-MIB): At line 0 in (none)
Cannot find module (SNMP-FRAMEWORK-MIB): At line 0 in (none)
Cannot find module (SNMP-MPD-MIB): At line 0 in (none)
Cannot find module (SNMP-USER-BASED-SM-MIB): At line 0 in (none)
Cannot find module (SNMP-NOTIFICATION-MIB): At line 0 in (none)
Cannot find module (SNMPv2-TM): At line 0 in (none)
[2026-04-18 02:00:02] === Backup started: backup_2026-04-18_02-00-02 (job: full) ===
[2026-04-18 02:00:02] SQLite: 1.02 MB
[2026-04-18 02:00:04] MySQL [radius]: 144.72 KB
[2026-04-18 02:00:05] MySQL [piprapay]: 31.65 KB
[2026-04-18 02:00:05] .env: backed up
[2026-04-18 02:00:05] Uploads: directory not found (skipped)
[2026-04-18 02:00:05] Backup saved: backup_2026-04-18_02-00-02.zip (167.57 KB)
[2026-04-18 02:00:05] === Backup complete. Total backups stored: 8 ===
[Sat 04/18/2026  2:00:05.58] Backup completed 
[Sun 04/19/2026  2:00:01.74] Starting backup 
MIB search path: c:/usr/share/snmp/mibs
Cannot find module (IP-MIB): At line 0 in (none)
Cannot find module (IF-MIB): At line 0 in (none)
Cannot find module (TCP-MIB): At line 0 in (none)
Cannot find module (UDP-MIB): At line 0 in (none)
Cannot find module (HOST-RESOURCES-MIB): At line 0 in (none)
Cannot find module (SNMPv2-MIB): At line 0 in (none)
Cannot find module (SNMPv2-SMI): At line 0 in (none)
Cannot find module (NOTIFICATION-LOG-MIB): At line 0 in (none)
Cannot find module (UCD-SNMP-MIB): At line 0 in (none)
Cannot find module (UCD-DEMO-MIB): At line 0 in (none)
Cannot find module (SNMP-TARGET-MIB): At line 0 in (none)
Cannot find module (NET-SNMP-AGENT-MIB): At line 0 in (none)
Cannot find module (DISMAN-EVENT-MIB): At line 0 in (none)
Cannot find module (SNMP-VIEW-BASED-ACM-MIB): At line 0 in (none)
Cannot find module (SNMP-COMMUNITY-MIB): At line 0 in (none)
Cannot find module (SNMP-FRAMEWORK-MIB): At line 0 in (none)
Cannot find module (SNMP-MPD-MIB): At line 0 in (none)
Cannot find module (SNMP-USER-BASED-SM-MIB): At line 0 in (none)
Cannot find module (SNMP-NOTIFICATION-MIB): At line 0 in (none)
Cannot find module (SNMPv2-TM): At line 0 in (none)
[2026-04-19 02:00:01] === Backup started: backup_2026-04-19_02-00-01 (job: full) ===
[2026-04-19 02:00:01] SQLite: 1.02 MB
[2026-04-19 02:00:02] MySQL [radius]: 144.72 KB
[2026-04-19 02:00:02] MySQL [piprapay]: 31.65 KB
[2026-04-19 02:00:02] .env: backed up
[2026-04-19 02:00:02] Uploads: directory not found (skipped)
[2026-04-19 02:00:02] Backup saved: backup_2026-04-19_02-00-01.zip (167.57 KB)
[2026-04-19 02:00:02] === Backup complete. Total backups stored: 9 ===
[Sun 04/19/2026  2:00:03.18] Backup completed 
[Mon 04/20/2026  2:00:01.44] Starting backup 
MIB search path: c:/usr/share/snmp/mibs
Cannot find module (IP-MIB): At line 0 in (none)
Cannot find module (IF-MIB): At line 0 in (none)
Cannot find module (TCP-MIB): At line 0 in (none)
Cannot find module (UDP-MIB): At line 0 in (none)
Cannot find module (HOST-RESOURCES-MIB): At line 0 in (none)
Cannot find module (SNMPv2-MIB): At line 0 in (none)
Cannot find module (SNMPv2-SMI): At line 0 in (none)
Cannot find module (NOTIFICATION-LOG-MIB): At line 0 in (none)
Cannot find module (UCD-SNMP-MIB): At line 0 in (none)
Cannot find module (UCD-DEMO-MIB): At line 0 in (none)
Cannot find module (SNMP-TARGET-MIB): At line 0 in (none)
Cannot find module (NET-SNMP-AGENT-MIB): At line 0 in (none)
Cannot find module (DISMAN-EVENT-MIB): At line 0 in (none)
Cannot find module (SNMP-VIEW-BASED-ACM-MIB): At line 0 in (none)
Cannot find module (SNMP-COMMUNITY-MIB): At line 0 in (none)
Cannot find module (SNMP-FRAMEWORK-MIB): At line 0 in (none)
Cannot find module (SNMP-MPD-MIB): At line 0 in (none)
Cannot find module (SNMP-USER-BASED-SM-MIB): At line 0 in (none)
Cannot find module (SNMP-NOTIFICATION-MIB): At line 0 in (none)
Cannot find module (SNMPv2-TM): At line 0 in (none)
[2026-04-20 02:00:01] === Backup started: backup_2026-04-20_02-00-01 (job: full) ===
[2026-04-20 02:00:01] SQLite: 1.02 MB
[2026-04-20 02:00:02] MySQL [radius]: 144.72 KB
[2026-04-20 02:00:02] MySQL [piprapay]: 31.65 KB
[2026-04-20 02:00:02] .env: backed up
[2026-04-20 02:00:02] Uploads: directory not found (skipped)
[2026-04-20 02:00:02] Backup saved: backup_2026-04-20_02-00-01.zip (167.57 KB)
[2026-04-20 02:00:02] === Backup complete. Total backups stored: 10 ===
[Mon 04/20/2026  2:00:02.95] Backup completed 
[Tue 04/21/2026  2:00:01.57] Starting backup 
MIB search path: c:/usr/share/snmp/mibs
Cannot find module (IP-MIB): At line 0 in (none)
Cannot find module (IF-MIB): At line 0 in (none)
Cannot find module (TCP-MIB): At line 0 in (none)
Cannot find module (UDP-MIB): At line 0 in (none)
Cannot find module (HOST-RESOURCES-MIB): At line 0 in (none)
Cannot find module (SNMPv2-MIB): At line 0 in (none)
Cannot find module (SNMPv2-SMI): At line 0 in (none)
Cannot find module (NOTIFICATION-LOG-MIB): At line 0 in (none)
Cannot find module (UCD-SNMP-MIB): At line 0 in (none)
Cannot find module (UCD-DEMO-MIB): At line 0 in (none)
Cannot find module (SNMP-TARGET-MIB): At line 0 in (none)
Cannot find module (NET-SNMP-AGENT-MIB): At line 0 in (none)
Cannot find module (DISMAN-EVENT-MIB): At line 0 in (none)
Cannot find module (SNMP-VIEW-BASED-ACM-MIB): At line 0 in (none)
Cannot find module (SNMP-COMMUNITY-MIB): At line 0 in (none)
Cannot find module (SNMP-FRAMEWORK-MIB): At line 0 in (none)
Cannot find module (SNMP-MPD-MIB): At line 0 in (none)
Cannot find module (SNMP-USER-BASED-SM-MIB): At line 0 in (none)
Cannot find module (SNMP-NOTIFICATION-MIB): At line 0 in (none)
Cannot find module (SNMPv2-TM): At line 0 in (none)
[2026-04-21 02:00:01] === Backup started: backup_2026-04-21_02-00-01 (job: full) ===
[2026-04-21 02:00:01] SQLite: 1.02 MB
[2026-04-21 02:00:02] MySQL [radius]: 144.72 KB
[2026-04-21 02:00:02] MySQL [piprapay]: 31.79 KB
[2026-04-21 02:00:02] .env: backed up
[2026-04-21 02:00:02] Uploads: directory not found (skipped)
[2026-04-21 02:00:02] Backup saved: backup_2026-04-21_02-00-01.zip (167.62 KB)
[2026-04-21 02:00:02] === Backup complete. Total backups stored: 11 ===
[Tue 04/21/2026  2:00:03.02] Backup completed 
[Wed 04/22/2026  2:00:01.62] Starting backup 
MIB search path: c:/usr/share/snmp/mibs
Cannot find module (IP-MIB): At line 0 in (none)
Cannot find module (IF-MIB): At line 0 in (none)
Cannot find module (TCP-MIB): At line 0 in (none)
Cannot find module (UDP-MIB): At line 0 in (none)
Cannot find module (HOST-RESOURCES-MIB): At line 0 in (none)
Cannot find module (SNMPv2-MIB): At line 0 in (none)
Cannot find module (SNMPv2-SMI): At line 0 in (none)
Cannot find module (NOTIFICATION-LOG-MIB): At line 0 in (none)
Cannot find module (UCD-SNMP-MIB): At line 0 in (none)
Cannot find module (UCD-DEMO-MIB): At line 0 in (none)
Cannot find module (SNMP-TARGET-MIB): At line 0 in (none)
Cannot find module (NET-SNMP-AGENT-MIB): At line 0 in (none)
Cannot find module (DISMAN-EVENT-MIB): At line 0 in (none)
Cannot find module (SNMP-VIEW-BASED-ACM-MIB): At line 0 in (none)
Cannot find module (SNMP-COMMUNITY-MIB): At line 0 in (none)
Cannot find module (SNMP-FRAMEWORK-MIB): At line 0 in (none)
Cannot find module (SNMP-MPD-MIB): At line 0 in (none)
Cannot find module (SNMP-USER-BASED-SM-MIB): At line 0 in (none)
Cannot find module (SNMP-NOTIFICATION-MIB): At line 0 in (none)
Cannot find module (SNMPv2-TM): At line 0 in (none)
[2026-04-22 02:00:01] === Backup started: backup_2026-04-22_02-00-01 (job: full) ===
[2026-04-22 02:00:01] SQLite: 1.02 MB
[2026-04-22 02:00:02] MySQL [radius]: 144.72 KB
[2026-04-22 02:00:02] MySQL [piprapay]: 31.79 KB
[2026-04-22 02:00:02] .env: backed up
[2026-04-22 02:00:02] Uploads: directory not found (skipped)
[2026-04-22 02:00:03] Backup saved: backup_2026-04-22_02-00-01.zip (167.63 KB)
[2026-04-22 02:00:03] === Backup complete. Total backups stored: 12 ===
[Wed 04/22/2026  2:00:03.17] Backup completed 
[Thu 04/23/2026  2:00:01.69] Starting backup 
MIB search path: c:/usr/share/snmp/mibs
Cannot find module (IP-MIB): At line 0 in (none)
Cannot find module (IF-MIB): At line 0 in (none)
Cannot find module (TCP-MIB): At line 0 in (none)
Cannot find module (UDP-MIB): At line 0 in (none)
Cannot find module (HOST-RESOURCES-MIB): At line 0 in (none)
Cannot find module (SNMPv2-MIB): At line 0 in (none)
Cannot find module (SNMPv2-SMI): At line 0 in (none)
Cannot find module (NOTIFICATION-LOG-MIB): At line 0 in (none)
Cannot find module (UCD-SNMP-MIB): At line 0 in (none)
Cannot find module (UCD-DEMO-MIB): At line 0 in (none)
Cannot find module (SNMP-TARGET-MIB): At line 0 in (none)
Cannot find module (NET-SNMP-AGENT-MIB): At line 0 in (none)
Cannot find module (DISMAN-EVENT-MIB): At line 0 in (none)
Cannot find module (SNMP-VIEW-BASED-ACM-MIB): At line 0 in (none)
Cannot find module (SNMP-COMMUNITY-MIB): At line 0 in (none)
Cannot find module (SNMP-FRAMEWORK-MIB): At line 0 in (none)
Cannot find module (SNMP-MPD-MIB): At line 0 in (none)
Cannot find module (SNMP-USER-BASED-SM-MIB): At line 0 in (none)
Cannot find module (SNMP-NOTIFICATION-MIB): At line 0 in (none)
Cannot find module (SNMPv2-TM): At line 0 in (none)
[2026-04-23 02:00:01] === Backup started: backup_2026-04-23_02-00-01 (job: full) ===
[2026-04-23 02:00:01] SQLite: 1.02 MB
[2026-04-23 02:00:02] MySQL [radius]: 144.73 KB
[2026-04-23 02:00:02] MySQL [piprapay]: 31.79 KB
[2026-04-23 02:00:02] .env: backed up
[2026-04-23 02:00:02] Uploads: directory not found (skipped)
[2026-04-23 02:00:02] Backup saved: backup_2026-04-23_02-00-01.zip (167.64 KB)
[2026-04-23 02:00:02] === Backup complete. Total backups stored: 13 ===
[Thu 04/23/2026  2:00:03.08] Backup completed 
[2026-04-23 07:52:38] === Backup started: backup_2026-04-23_07-52-38 (job: full) ===
[2026-04-23 07:52:38] SQLite: 1.02 MB
[2026-04-23 07:52:39] MySQL [radius]: 144.73 KB
[2026-04-23 07:52:39] MySQL [piprapay]: 31.79 KB
[2026-04-23 07:52:39] .env: backed up
[2026-04-23 07:52:39] Uploads: directory not found (skipped)
[2026-04-23 07:52:39] Backup saved: backup_2026-04-23_07-52-38.zip (167.64 KB)
[2026-04-23 07:52:40] === Backup complete. Total backups stored: 14 ===
[Sun 04/26/2026  2:00:02.10] Starting backup 
MIB search path: c:/usr/share/snmp/mibs
Cannot find module (IP-MIB): At line 0 in (none)
Cannot find module (IF-MIB): At line 0 in (none)
Cannot find module (TCP-MIB): At line 0 in (none)
Cannot find module (UDP-MIB): At line 0 in (none)
Cannot find module (HOST-RESOURCES-MIB): At line 0 in (none)
Cannot find module (SNMPv2-MIB): At line 0 in (none)
Cannot find module (SNMPv2-SMI): At line 0 in (none)
Cannot find module (NOTIFICATION-LOG-MIB): At line 0 in (none)
Cannot find module (UCD-SNMP-MIB): At line 0 in (none)
Cannot find module (UCD-DEMO-MIB): At line 0 in (none)
Cannot find module (SNMP-TARGET-MIB): At line 0 in (none)
Cannot find module (NET-SNMP-AGENT-MIB): At line 0 in (none)
Cannot find module (DISMAN-EVENT-MIB): At line 0 in (none)
Cannot find module (SNMP-VIEW-BASED-ACM-MIB): At line 0 in (none)
Cannot find module (SNMP-COMMUNITY-MIB): At line 0 in (none)
Cannot find module (SNMP-FRAMEWORK-MIB): At line 0 in (none)
Cannot find module (SNMP-MPD-MIB): At line 0 in (none)
Cannot find module (SNMP-USER-BASED-SM-MIB): At line 0 in (none)
Cannot find module (SNMP-NOTIFICATION-MIB): At line 0 in (none)
Cannot find module (SNMPv2-TM): At line 0 in (none)
[2026-04-26 02:00:02] === Backup started: backup_2026-04-26_02-00-02 (job: full) ===
[2026-04-26 02:00:02] SQLite: 1.02 MB
[2026-04-26 02:00:03] MySQL [radius]: 85.11 KB
[2026-04-26 02:00:04] MySQL [piprapay]: 31.79 KB
[2026-04-26 02:00:04] .env: backed up
[2026-04-26 02:00:04] Uploads: directory not found (skipped)
[2026-04-26 02:00:04] Backup saved: backup_2026-04-26_02-00-02.zip (155.6 KB)
[2026-04-26 02:00:04] === Backup complete. Total backups stored: 15 ===
[Sun 04/26/2026  2:00:04.58] Backup completed 
[Mon 04/27/2026  2:00:01.89] Starting backup 
MIB search path: c:/usr/share/snmp/mibs
Cannot find module (IP-MIB): At line 0 in (none)
Cannot find module (IF-MIB): At line 0 in (none)
Cannot find module (TCP-MIB): At line 0 in (none)
Cannot find module (UDP-MIB): At line 0 in (none)
Cannot find module (HOST-RESOURCES-MIB): At line 0 in (none)
Cannot find module (SNMPv2-MIB): At line 0 in (none)
Cannot find module (SNMPv2-SMI): At line 0 in (none)
Cannot find module (NOTIFICATION-LOG-MIB): At line 0 in (none)
Cannot find module (UCD-SNMP-MIB): At line 0 in (none)
Cannot find module (UCD-DEMO-MIB): At line 0 in (none)
Cannot find module (SNMP-TARGET-MIB): At line 0 in (none)
Cannot find module (NET-SNMP-AGENT-MIB): At line 0 in (none)
Cannot find module (DISMAN-EVENT-MIB): At line 0 in (none)
Cannot find module (SNMP-VIEW-BASED-ACM-MIB): At line 0 in (none)
Cannot find module (SNMP-COMMUNITY-MIB): At line 0 in (none)
Cannot find module (SNMP-FRAMEWORK-MIB): At line 0 in (none)
Cannot find module (SNMP-MPD-MIB): At line 0 in (none)
Cannot find module (SNMP-USER-BASED-SM-MIB): At line 0 in (none)
Cannot find module (SNMP-NOTIFICATION-MIB): At line 0 in (none)
Cannot find module (SNMPv2-TM): At line 0 in (none)
[2026-04-27 02:00:02] === Backup started: backup_2026-04-27_02-00-02 (job: full) ===
[2026-04-27 02:00:02] SQLite: 1.02 MB
[2026-04-27 02:00:02] MySQL [radius]: 85.18 KB
[2026-04-27 02:00:03] MySQL [piprapay]: 31.79 KB
[2026-04-27 02:00:03] .env: backed up
[2026-04-27 02:00:03] Uploads: directory not found (skipped)
[2026-04-27 02:00:03] Backup saved: backup_2026-04-27_02-00-02.zip (155.71 KB)
[2026-04-27 02:00:03] === Backup complete. Total backups stored: 16 ===
[Mon 04/27/2026  2:00:03.29] Backup completed 
